<?xml version="1.0" encoding="UTF-8" ?>
<testsuite tests="3" failures="0" name="com.zakharovakr.vendingmachine.dao.VendingMachineDaoTest" time="0.017" errors="0" skipped="0">
  <properties>
[...]
</properties>
  <testcase classname="com.zakharovakr.vendingmachine.dao.VendingMachineDaoTest" name="testUpdateInventory" time="0.017"/>
  <testcase classname="com.zakharovakr.vendingmachine.dao.VendingMachineDaoTest" name="testReadById" time="0"/>
  <testcase classname="com.zakharovakr.vendingmachine.dao.VendingMachineDaoTest" name="testReadAll" time="0"/>
</testsuite>